<?xml version="1.0" encoding="UTF-8"?>
<!-- Generated by org.testng.reporters.JUnitReportReporter -->
<testsuite hostname="DESKTOP-3K2U0MI" failures="0" tests="1" name="tests.GetandPost" time="3.054" errors="0" timestamp="2024-11-05T13:28:10 IST" skipped="0">
  <testcase classname="tests.GetandPost" name="test2" time="3.054"/>
</testsuite> <!-- tests.GetandPost -->
