<?xml version="1.0" encoding="UTF-8"?>
<!-- Generated by org.testng.reporters.JUnitReportReporter -->
<testsuite hostname="DESKTOP-3K2U0MI" failures="0" tests="1" name="tests.FirstClassEx" time="2.758" errors="0" timestamp="2024-11-05T13:05:23 IST" skipped="0">
  <testcase classname="tests.FirstClassEx" name="test1" time="2.758"/>
</testsuite> <!-- tests.FirstClassEx -->
