<?xml version="1.0" encoding="UTF-8"?>
<!-- Generated by org.testng.reporters.JUnitReportReporter -->
<testsuite hostname="DESKTOP-3K2U0MI" failures="0" tests="1" name="tests.LocalApis" time="2.285" errors="0" timestamp="2024-11-05T16:35:09 IST" skipped="0">
  <testcase classname="tests.LocalApis" name="test2" time="2.285"/>
</testsuite> <!-- tests.LocalApis -->
