<?xml version="1.0" encoding="UTF-8"?>
<!-- Generated by org.testng.reporters.JUnitReportReporter -->
<testsuite hostname="DESKTOP-3K2U0MI" failures="0" tests="1" name="tests.PatchExample" time="2.418" errors="0" timestamp="2024-11-06T10:00:39 IST" skipped="0">
  <testcase classname="tests.PatchExample" name="test1" time="2.418"/>
</testsuite> <!-- tests.PatchExample -->
