<?xml version="1.0" encoding="UTF-8"?>
<!-- Generated by org.testng.reporters.JUnitReportReporter -->
<testsuite hostname="DESKTOP-3K2U0MI" failures="0" tests="4" name="tests.RequestMethods" time="6.843" errors="0" timestamp="2024-11-25T13:23:44 IST" skipped="0">
  <testcase classname="tests.RequestMethods" name="getUser" time="4.039"/>
  <testcase classname="tests.RequestMethods" name="postUser" time="0.912"/>
  <testcase classname="tests.RequestMethods" name="putUser" time="1.231"/>
  <testcase classname="tests.RequestMethods" name="deleteUser" time="0.661"/>
</testsuite> <!-- tests.RequestMethods -->
