<?xml version="1.0" encoding="UTF-8"?>
<!-- Generated by org.testng.reporters.JUnitReportReporter -->
<testsuite hostname="DESKTOP-3K2U0MI" failures="0" tests="1" name="datadriven.GroupsEx" time="0.014" errors="0" timestamp="2024-11-04T16:45:49 IST" skipped="0">
  <testcase classname="datadriven.GroupsEx" name="test7" time="0.014"/>
</testsuite> <!-- datadriven.GroupsEx -->
