<?xml version="1.0" encoding="UTF-8"?>
<!-- Generated by org.testng.reporters.JUnitReportReporter -->
<testsuite hostname="DESKTOP-3K2U0MI" failures="0" tests="3" name="datadriven.CrossBrowserTesting" time="19.157" errors="0" timestamp="2024-11-04T17:41:57 IST" skipped="0">
  <testcase classname="datadriven.CrossBrowserTesting" name="login" time="5.929"/>
  <testcase classname="datadriven.CrossBrowserTesting" name="login" time="9.681"/>
  <testcase classname="datadriven.CrossBrowserTesting" name="login" time="3.547"/>
</testsuite> <!-- datadriven.CrossBrowserTesting -->
