<?xml version="1.0" encoding="UTF-8"?>
<!-- Generated by org.testng.reporters.JUnitReportReporter -->
<testsuite hostname="DESKTOP-3K2U0MI" failures="0" tests="2" name="datadriven.CrossBrowserTesting" time="13.242" errors="0" timestamp="2024-11-04T14:30:23 IST" skipped="0">
  <testcase classname="datadriven.CrossBrowserTesting" name="login" time="4.495"/>
  <testcase classname="datadriven.CrossBrowserTesting" name="login" time="8.747"/>
</testsuite> <!-- datadriven.CrossBrowserTesting -->
