<?xml version="1.0" encoding="UTF-8"?>
<!-- Generated by org.testng.reporters.JUnitReportReporter -->
<testsuite hostname="DESKTOP-3K2U0MI" failures="0" tests="1" name="hospitalAdmin.Login1" time="2.998" errors="0" timestamp="2024-09-20T10:49:56 IST" skipped="0">
  <testcase classname="hospitalAdmin.Login1" name="logApp" time="2.998"/>
</testsuite> <!-- hospitalAdmin.Login1 -->
