<?xml version="1.0" encoding="UTF-8"?>
<!-- Generated by org.testng.reporters.JUnitReportReporter -->
<testsuite hostname="DESKTOP-3K2U0MI" failures="0" tests="5" name="hospitalAdmin.HospitalAdmin" time="76.061" errors="0" timestamp="2024-10-15T15:47:25 IST" skipped="0">
  <testcase classname="hospitalAdmin.HospitalAdmin" name="dashboard" time="4.283"/>
  <testcase classname="hospitalAdmin.HospitalAdmin" name="login" time="4.959"/>
  <testcase classname="hospitalAdmin.HospitalAdmin" name="ambulanceManage" time="2.288"/>
  <testcase classname="hospitalAdmin.HospitalAdmin" name="drivermanagement" time="24.374"/>
  <testcase classname="hospitalAdmin.HospitalAdmin" name="tableOfDriverManagemnt" time="40.157"/>
</testsuite> <!-- hospitalAdmin.HospitalAdmin -->
