<?xml version="1.0" encoding="UTF-8"?>
<!-- Generated by org.testng.reporters.JUnitReportReporter -->
<testsuite hostname="DESKTOP-3K2U0MI" failures="0" tests="4" name="hospitalAdmin.DriverManagement" time="51.661" errors="0" timestamp="2024-09-27T10:29:41 IST" skipped="0">
  <testcase classname="hospitalAdmin.DriverManagement" name="dashboard" time="4.060"/>
  <testcase classname="hospitalAdmin.DriverManagement" name="login" time="5.281"/>
  <testcase classname="hospitalAdmin.DriverManagement" name="drivermanagement" time="22.074"/>
  <testcase classname="hospitalAdmin.DriverManagement" name="tableOfDriverManagemnt" time="20.246"/>
</testsuite> <!-- hospitalAdmin.DriverManagement -->
