<?xml version="1.0" encoding="UTF-8"?>
<!-- Generated by org.testng.reporters.JUnitReportReporter -->
<testsuite hostname="DESKTOP-3K2U0MI" failures="0" tests="3" name="hospitalAdmin.RidelistDetails" time="14.974" errors="0" timestamp="2024-09-23T14:08:39 IST" skipped="0">
  <testcase classname="hospitalAdmin.RidelistDetails" name="ride" time="6.113"/>
  <testcase classname="hospitalAdmin.RidelistDetails" name="login" time="6.712"/>
  <testcase classname="hospitalAdmin.RidelistDetails" name="drivermanagement" time="2.149"/>
</testsuite> <!-- hospitalAdmin.RidelistDetails -->
